Arguments: 
  C:\Program Files\nodejs\node.exe C:\Users\lenovo\AppData\Roaming\npm\node_modules\yarn\bin\yarn.js add jQuery

PATH: 
  C:\Windows\system32;C:\Windows;C:\Windows\System32\Wbem;C:\Windows\System32\WindowsPowerShell\v1.0\;F:\Program Files\MATLAB\R2014a\runtime\win64;F:\Program Files\MATLAB\R2014a\bin;F:\Program Files\MATLAB\R2014a\polyspace\bin;C:\Program Files\Java\jdk1.8.0_112\bin;C:\Program Files\Java\jdk1.8.0_112\jre\bin;E:\SVN\bin;E:\mysql\bin;E:\安装包sql\bin;E:\MongoDB\bin;E:\maven\apache-maven-3.6.1\bin;E:\python;E:\git\Git\cmd;C:\Program Files\nodejs\;E:\python\Scripts\;E:\python\;E:\ruby\package\Ruby25-x64\bin;E:\openssl\ActivePerl\bin;E:\idea\IntelliJ IDEA 2019.1.3\bin;E:\pycharm\PyCharm 2019.2\bin;C:\Users\lenovo\AppData\Roaming\npm

Yarn version: 
  1.19.1

Node version: 
  12.13.1

Platform: 
  win32 x64

Trace: 
  Error: ENOENT: no such file or directory, copyfile 'C:\Users\lenovo\AppData\Local\Yarn\Cache\v6\npm-inherits-2.0.1-b17d08d326b4423e568eff719f91b0b1cbdf69f1-integrity\node_modules\inherits\inherits_browser.js' -> 'F:\Web 练习\webpack\webpack4\webpack4-configuration\node_modules\assert\node_modules\inherits\inherits_browser.js'

npm manifest: 
  {
    "name": "webpack-4-config-setup",
    "version": "1.0.0",
    "description": "webpack 4 configuration setup",
    "main": "app.js",
    "scripts": {
      "develop": "webpack-dev-server --config webpack.dev.js",
      "build": "webpack --config webpack.prod.js"
    },
    "keywords": ["webpack", "scss", "hotreload", "dev-server"],
    "author": "techyaura",
    "license": "MIT",
    "devDependencies": {
      "@babel/core": "^7.6.2",
      "@babel/plugin-syntax-dynamic-import": "^7.2.0",
      "@babel/preset-env": "^7.6.2",
      "babel-loader": "^8.0.6",
      "clean-webpack-plugin": "^3.0.0",
      "css-loader": "^3.2.0",
      "extract-text-webpack-plugin": "^4.0.0-beta.0",
      "html-webpack-plugin": "^3.2.0",
      "node-sass": "^4.12.0",
      "sass-loader": "^8.0.0",
      "style-loader": "^1.0.0",
      "webpack": "^4.41.0",
      "webpack-cli": "^3.3.9",
      "webpack-dev-server": "^3.8.1",
      "webpack-merge": "^4.2.2"
    }
  }

yarn manifest: 
  No manifest

Lockfile: 
  No lockfile
